\BOOKMARK [0][-]{chapter.1}{Introduction}{}% 1
\BOOKMARK [1][-]{section.1.1}{Purpose}{chapter.1}% 2
\BOOKMARK [1][-]{section.1.2}{Project Scope}{chapter.1}% 3
\BOOKMARK [1][-]{section.1.3}{Standards}{chapter.1}% 4
\BOOKMARK [2][-]{subsection.1.3.1}{Documentation}{section.1.3}% 5
\BOOKMARK [2][-]{subsection.1.3.2}{Version Control}{section.1.3}% 6
\BOOKMARK [2][-]{subsection.1.3.3}{Naming}{section.1.3}% 7
\BOOKMARK [0][-]{chapter.2}{Overall Description}{}% 8
\BOOKMARK [1][-]{section.2.1}{Product Perspective}{chapter.2}% 9
\BOOKMARK [1][-]{section.2.2}{Product Functions}{chapter.2}% 10
\BOOKMARK [1][-]{section.2.3}{User Documentation}{chapter.2}% 11
\BOOKMARK [1][-]{section.2.4}{Assumptions and Dependencies}{chapter.2}% 12
\BOOKMARK [0][-]{chapter.3}{System Features}{}% 13
\BOOKMARK [1][-]{section.3.1}{System Feature 1}{chapter.3}% 14
\BOOKMARK [2][-]{subsection.3.1.1}{Description and Priority}{section.3.1}% 15
\BOOKMARK [2][-]{subsection.3.1.2}{Stimulus/Response Sequences}{section.3.1}% 16
\BOOKMARK [2][-]{subsection.3.1.3}{Functional Requirements}{section.3.1}% 17
\BOOKMARK [1][-]{section.3.2}{System Feature 2 \(and so on\)}{chapter.3}% 18
\BOOKMARK [0][-]{chapter.4}{Other Nonfunctional Requirements}{}% 19
\BOOKMARK [1][-]{section.4.1}{Performance Requirements}{chapter.4}% 20
\BOOKMARK [1][-]{section.4.2}{Software Quality Attributes}{chapter.4}% 21
\BOOKMARK [0][-]{chapter.5}{Appendixes}{}% 22
\BOOKMARK [1][-]{section.5.1}{Appendix B: Analysis Models}{chapter.5}% 23
