\BOOKMARK [0][-]{chapter.1}{\376\377\0001\000\040\000H\000i\000e\000r\000a\000r\000c\000h\000i\000c\000a\000l\000\040\000I\000n\000d\000e\000x}{}% 1
\BOOKMARK [1][-]{section.1.1}{\376\377\0001\000.\0001\000\040\000C\000l\000a\000s\000s\000\040\000H\000i\000e\000r\000a\000r\000c\000h\000y}{chapter.1}% 2
\BOOKMARK [0][-]{chapter.2}{\376\377\0002\000\040\000C\000l\000a\000s\000s\000\040\000I\000n\000d\000e\000x}{}% 3
\BOOKMARK [1][-]{section.2.1}{\376\377\0002\000.\0001\000\040\000C\000l\000a\000s\000s\000\040\000L\000i\000s\000t}{chapter.2}% 4
\BOOKMARK [0][-]{chapter.3}{\376\377\0003\000\040\000C\000l\000a\000s\000s\000\040\000D\000o\000c\000u\000m\000e\000n\000t\000a\000t\000i\000o\000n}{}% 5
\BOOKMARK [1][-]{section.3.1}{\376\377\0003\000.\0001\000\040\000C\000o\000n\000f\000i\000g\000u\000r\000a\000t\000i\000o\000n\000\040\000C\000l\000a\000s\000s\000\040\000R\000e\000f\000e\000r\000e\000n\000c\000e}{chapter.3}% 6
\BOOKMARK [2][-]{subsection.3.1.1}{\376\377\0003\000.\0001\000.\0001\000\040\000D\000e\000t\000a\000i\000l\000e\000d\000\040\000D\000e\000s\000c\000r\000i\000p\000t\000i\000o\000n}{section.3.1}% 7
\BOOKMARK [2][-]{subsection.3.1.2}{\376\377\0003\000.\0001\000.\0002\000\040\000C\000o\000n\000s\000t\000r\000u\000c\000t\000o\000r\000\040\000\046\000\040\000D\000e\000s\000t\000r\000u\000c\000t\000o\000r\000\040\000D\000o\000c\000u\000m\000e\000n\000t\000a\000t\000i\000o\000n}{section.3.1}% 8
\BOOKMARK [3][-]{subsubsection.3.1.2.1}{\376\377\0003\000.\0001\000.\0002\000.\0001\000\040\000C\000o\000n\000f\000i\000g\000u\000r\000a\000t\000i\000o\000n\000\050\000\051}{subsection.3.1.2}% 9
\BOOKMARK [2][-]{subsection.3.1.3}{\376\377\0003\000.\0001\000.\0003\000\040\000M\000e\000m\000b\000e\000r\000\040\000F\000u\000n\000c\000t\000i\000o\000n\000\040\000D\000o\000c\000u\000m\000e\000n\000t\000a\000t\000i\000o\000n}{section.3.1}% 10
\BOOKMARK [3][-]{subsubsection.3.1.3.1}{\376\377\0003\000.\0001\000.\0003\000.\0001\000\040\000g\000e\000t\000c\000o\000r\000e\000s\000n\000r\000\050\000\051}{subsection.3.1.3}% 11
\BOOKMARK [3][-]{subsubsection.3.1.3.2}{\376\377\0003\000.\0001\000.\0003\000.\0002\000\040\000g\000e\000t\000j\000o\000b\000s\000n\000r\000\050\000\051}{subsection.3.1.3}% 12
\BOOKMARK [3][-]{subsubsection.3.1.3.3}{\376\377\0003\000.\0001\000.\0003\000.\0003\000\040\000g\000e\000t\000j\000o\000b\000s\000n\000r\000m\000a\000x\000\050\000\051}{subsection.3.1.3}% 13
\BOOKMARK [3][-]{subsubsection.3.1.3.4}{\376\377\0003\000.\0001\000.\0003\000.\0004\000\040\000g\000e\000t\000j\000o\000b\000s\000n\000r\000m\000i\000n\000\050\000\051}{subsection.3.1.3}% 14
\BOOKMARK [3][-]{subsubsection.3.1.3.5}{\376\377\0003\000.\0001\000.\0003\000.\0005\000\040\000g\000e\000t\000n\000o\000d\000e\000s\000n\000r\000\050\000\051}{subsection.3.1.3}% 15
\BOOKMARK [3][-]{subsubsection.3.1.3.6}{\376\377\0003\000.\0001\000.\0003\000.\0006\000\040\000g\000e\000t\000o\000p\000e\000r\000a\000t\000i\000o\000n\000a\000l\000c\000o\000s\000t\000\050\000\051}{subsection.3.1.3}% 16
\BOOKMARK [3][-]{subsubsection.3.1.3.7}{\376\377\0003\000.\0001\000.\0003\000.\0007\000\040\000g\000e\000t\000r\000e\000q\000u\000e\000s\000t\000s\000s\000p\000a\000n\000\050\000\051}{subsection.3.1.3}% 17
\BOOKMARK [3][-]{subsubsection.3.1.3.8}{\376\377\0003\000.\0001\000.\0003\000.\0008\000\040\000g\000e\000t\000r\000e\000s\000e\000a\000r\000c\000h\000e\000r\000b\000u\000d\000g\000e\000t\000\050\000\051}{subsection.3.1.3}% 18
\BOOKMARK [3][-]{subsubsection.3.1.3.9}{\376\377\0003\000.\0001\000.\0003\000.\0009\000\040\000g\000e\000t\000r\000e\000s\000e\000a\000r\000c\000h\000e\000r\000b\000u\000d\000g\000e\000t\000m\000a\000x\000\050\000\051}{subsection.3.1.3}% 19
\BOOKMARK [3][-]{subsubsection.3.1.3.10}{\376\377\0003\000.\0001\000.\0003\000.\0001\0000\000\040\000g\000e\000t\000r\000e\000s\000e\000a\000r\000c\000h\000e\000r\000b\000u\000d\000g\000e\000t\000m\000i\000n\000\050\000\051}{subsection.3.1.3}% 20
\BOOKMARK [3][-]{subsubsection.3.1.3.11}{\376\377\0003\000.\0001\000.\0003\000.\0001\0001\000\040\000g\000e\000t\000s\000t\000u\000d\000e\000n\000t\000b\000u\000d\000g\000e\000t\000\050\000\051}{subsection.3.1.3}% 21
\BOOKMARK [3][-]{subsubsection.3.1.3.12}{\376\377\0003\000.\0001\000.\0003\000.\0001\0002\000\040\000g\000e\000t\000s\000t\000u\000d\000e\000n\000t\000b\000u\000d\000g\000e\000t\000m\000a\000x\000\050\000\051}{subsection.3.1.3}% 22
\BOOKMARK [3][-]{subsubsection.3.1.3.13}{\376\377\0003\000.\0001\000.\0003\000.\0001\0003\000\040\000g\000e\000t\000s\000t\000u\000d\000e\000n\000t\000b\000u\000d\000g\000e\000t\000m\000i\000n\000\050\000\051}{subsection.3.1.3}% 23
\BOOKMARK [3][-]{subsubsection.3.1.3.14}{\376\377\0003\000.\0001\000.\0003\000.\0001\0004\000\040\000g\000e\000t\000t\000i\000m\000e\000\050\000\051}{subsection.3.1.3}% 24
\BOOKMARK [3][-]{subsubsection.3.1.3.15}{\376\377\0003\000.\0001\000.\0003\000.\0001\0005\000\040\000g\000e\000t\000u\000s\000a\000g\000e\000p\000r\000i\000c\000e\000\050\000\051}{subsection.3.1.3}% 25
\BOOKMARK [3][-]{subsubsection.3.1.3.16}{\376\377\0003\000.\0001\000.\0003\000.\0001\0006\000\040\000g\000e\000t\000u\000s\000e\000r\000s\000n\000r\000\050\000\051}{subsection.3.1.3}% 26
\BOOKMARK [3][-]{subsubsection.3.1.3.17}{\376\377\0003\000.\0001\000.\0003\000.\0001\0007\000\040\000g\000e\000t\000u\000s\000e\000r\000s\000n\000r\000m\000a\000x\000\050\000\051}{subsection.3.1.3}% 27
\BOOKMARK [3][-]{subsubsection.3.1.3.18}{\376\377\0003\000.\0001\000.\0003\000.\0001\0008\000\040\000g\000e\000t\000u\000s\000e\000r\000s\000n\000r\000m\000i\000n\000\050\000\051}{subsection.3.1.3}% 28
\BOOKMARK [3][-]{subsubsection.3.1.3.19}{\376\377\0003\000.\0001\000.\0003\000.\0001\0009\000\040\000i\000s\000j\000o\000b\000s\000n\000r\000r\000a\000n\000d\000o\000m\000\050\000\051}{subsection.3.1.3}% 29
\BOOKMARK [3][-]{subsubsection.3.1.3.20}{\376\377\0003\000.\0001\000.\0003\000.\0002\0000\000\040\000i\000s\000r\000e\000s\000e\000a\000r\000c\000h\000e\000r\000b\000u\000d\000g\000e\000t\000r\000a\000n\000d\000o\000m\000\050\000\051}{subsection.3.1.3}% 30
\BOOKMARK [3][-]{subsubsection.3.1.3.21}{\376\377\0003\000.\0001\000.\0003\000.\0002\0001\000\040\000i\000s\000s\000t\000u\000d\000e\000n\000t\000b\000u\000d\000g\000e\000t\000r\000a\000n\000d\000o\000m\000\050\000\051}{subsection.3.1.3}% 31
\BOOKMARK [3][-]{subsubsection.3.1.3.22}{\376\377\0003\000.\0001\000.\0003\000.\0002\0002\000\040\000i\000s\000u\000s\000e\000r\000s\000n\000r\000r\000a\000n\000d\000o\000m\000\050\000\051}{subsection.3.1.3}% 32
\BOOKMARK [3][-]{subsubsection.3.1.3.23}{\376\377\0003\000.\0001\000.\0003\000.\0002\0003\000\040\000s\000e\000t\000c\000o\000r\000e\000s\000n\000r\000\050\000u\000n\000s\000i\000g\000n\000e\000d\000\040\000i\000n\000t\000\040\000c\000o\000r\000e\000s\000n\000r\000\051}{subsection.3.1.3}% 33
\BOOKMARK [3][-]{subsubsection.3.1.3.24}{\376\377\0003\000.\0001\000.\0003\000.\0002\0004\000\040\000s\000e\000t\000j\000o\000b\000s\000n\000r\000\050\000u\000n\000s\000i\000g\000n\000e\000d\000\040\000i\000n\000t\000\040\000n\000r\000\051}{subsection.3.1.3}% 34
\BOOKMARK [3][-]{subsubsection.3.1.3.25}{\376\377\0003\000.\0001\000.\0003\000.\0002\0005\000\040\000s\000e\000t\000j\000o\000b\000s\000n\000r\000m\000a\000x\000\050\000u\000n\000s\000i\000g\000n\000e\000d\000\040\000i\000n\000t\000\040\000m\000a\000x\000\051}{subsection.3.1.3}% 35
\BOOKMARK [3][-]{subsubsection.3.1.3.26}{\376\377\0003\000.\0001\000.\0003\000.\0002\0006\000\040\000s\000e\000t\000j\000o\000b\000s\000n\000r\000m\000i\000n\000\050\000u\000n\000s\000i\000g\000n\000e\000d\000\040\000i\000n\000t\000\040\000m\000i\000n\000\051}{subsection.3.1.3}% 36
\BOOKMARK [3][-]{subsubsection.3.1.3.27}{\376\377\0003\000.\0001\000.\0003\000.\0002\0007\000\040\000s\000e\000t\000j\000o\000b\000s\000r\000a\000n\000d\000o\000m\000\050\000b\000o\000o\000l\000\040\000r\000a\000n\000d\000o\000m\000\051}{subsection.3.1.3}% 37
\BOOKMARK [3][-]{subsubsection.3.1.3.28}{\376\377\0003\000.\0001\000.\0003\000.\0002\0008\000\040\000s\000e\000t\000n\000o\000d\000e\000s\000n\000r\000\050\000u\000n\000s\000i\000g\000n\000e\000d\000\040\000i\000n\000t\000\040\000n\000o\000d\000e\000s\000n\000r\000\051}{subsection.3.1.3}% 38
\BOOKMARK [3][-]{subsubsection.3.1.3.29}{\376\377\0003\000.\0001\000.\0003\000.\0002\0009\000\040\000s\000e\000t\000n\000o\000w\000\050\000b\000o\000o\000l\000\040\000n\000o\000w\000\051}{subsection.3.1.3}% 39
\BOOKMARK [3][-]{subsubsection.3.1.3.30}{\376\377\0003\000.\0001\000.\0003\000.\0003\0000\000\040\000s\000e\000t\000o\000p\000e\000r\000a\000t\000i\000o\000n\000a\000l\000c\000o\000s\000t\000\050\000d\000o\000u\000b\000l\000e\000\040\000o\000p\000e\000r\000a\000t\000i\000o\000n\000a\000l\000c\000o\000s\000t\000\051}{subsection.3.1.3}% 40
\BOOKMARK [3][-]{subsubsection.3.1.3.31}{\376\377\0003\000.\0001\000.\0003\000.\0003\0001\000\040\000s\000e\000t\000r\000e\000q\000u\000e\000s\000t\000s\000s\000p\000a\000n\000\050\000u\000n\000s\000i\000g\000n\000e\000d\000\040\000l\000o\000n\000g\000\040\000l\000o\000n\000g\000\040\000i\000n\000t\000\040\000s\000p\000a\000n\000\051}{subsection.3.1.3}% 41
\BOOKMARK [3][-]{subsubsection.3.1.3.32}{\376\377\0003\000.\0001\000.\0003\000.\0003\0002\000\040\000s\000e\000t\000r\000e\000s\000e\000a\000r\000c\000h\000e\000r\000b\000u\000d\000g\000e\000t\000\050\000d\000o\000u\000b\000l\000e\000\040\000b\000u\000d\000g\000e\000t\000\051}{subsection.3.1.3}% 42
\BOOKMARK [3][-]{subsubsection.3.1.3.33}{\376\377\0003\000.\0001\000.\0003\000.\0003\0003\000\040\000s\000e\000t\000r\000e\000s\000e\000a\000r\000c\000h\000e\000r\000b\000u\000d\000g\000e\000t\000m\000a\000x\000\050\000d\000o\000u\000b\000l\000e\000\040\000m\000a\000x\000\051}{subsection.3.1.3}% 43
\BOOKMARK [3][-]{subsubsection.3.1.3.34}{\376\377\0003\000.\0001\000.\0003\000.\0003\0004\000\040\000s\000e\000t\000r\000e\000s\000e\000a\000r\000c\000h\000e\000r\000b\000u\000d\000g\000e\000t\000m\000i\000n\000\050\000d\000o\000u\000b\000l\000e\000\040\000m\000i\000n\000\051}{subsection.3.1.3}% 44
\BOOKMARK [3][-]{subsubsection.3.1.3.35}{\376\377\0003\000.\0001\000.\0003\000.\0003\0005\000\040\000s\000e\000t\000r\000e\000s\000e\000a\000r\000c\000h\000e\000r\000r\000a\000n\000d\000o\000m\000\050\000b\000o\000o\000l\000\040\000r\000a\000n\000d\000o\000m\000\051}{subsection.3.1.3}% 45
\BOOKMARK [3][-]{subsubsection.3.1.3.36}{\376\377\0003\000.\0001\000.\0003\000.\0003\0006\000\040\000s\000e\000t\000s\000t\000u\000d\000e\000n\000t\000b\000u\000d\000g\000e\000t\000\050\000d\000o\000u\000b\000l\000e\000\040\000b\000u\000d\000g\000e\000t\000\051}{subsection.3.1.3}% 46
\BOOKMARK [3][-]{subsubsection.3.1.3.37}{\376\377\0003\000.\0001\000.\0003\000.\0003\0007\000\040\000s\000e\000t\000s\000t\000u\000d\000e\000n\000t\000b\000u\000d\000g\000e\000t\000m\000a\000x\000\050\000d\000o\000u\000b\000l\000e\000\040\000m\000a\000x\000\051}{subsection.3.1.3}% 47
\BOOKMARK [3][-]{subsubsection.3.1.3.38}{\376\377\0003\000.\0001\000.\0003\000.\0003\0008\000\040\000s\000e\000t\000s\000t\000u\000d\000e\000n\000t\000b\000u\000d\000g\000e\000t\000m\000i\000n\000\050\000d\000o\000u\000b\000l\000e\000\040\000m\000i\000n\000\051}{subsection.3.1.3}% 48
\BOOKMARK [3][-]{subsubsection.3.1.3.39}{\376\377\0003\000.\0001\000.\0003\000.\0003\0009\000\040\000s\000e\000t\000s\000t\000u\000d\000e\000n\000t\000r\000a\000n\000d\000o\000m\000\050\000b\000o\000o\000l\000\040\000r\000a\000n\000d\000o\000m\000\051}{subsection.3.1.3}% 49
\BOOKMARK [3][-]{subsubsection.3.1.3.40}{\376\377\0003\000.\0001\000.\0003\000.\0004\0000\000\040\000s\000e\000t\000t\000i\000m\000e\000\050\000t\000i\000m\000e\000t\000\040\000t\000i\000m\000e\000\051}{subsection.3.1.3}% 50
\BOOKMARK [3][-]{subsubsection.3.1.3.41}{\376\377\0003\000.\0001\000.\0003\000.\0004\0001\000\040\000s\000e\000t\000u\000s\000a\000g\000e\000p\000r\000i\000c\000e\000\050\000d\000o\000u\000b\000l\000e\000\040\000u\000s\000a\000g\000e\000p\000r\000i\000c\000e\000\051}{subsection.3.1.3}% 51
\BOOKMARK [3][-]{subsubsection.3.1.3.42}{\376\377\0003\000.\0001\000.\0003\000.\0004\0002\000\040\000s\000e\000t\000u\000s\000e\000r\000s\000n\000r\000\050\000u\000n\000s\000i\000g\000n\000e\000d\000\040\000i\000n\000t\000\040\000n\000r\000\051}{subsection.3.1.3}% 52
\BOOKMARK [3][-]{subsubsection.3.1.3.43}{\376\377\0003\000.\0001\000.\0003\000.\0004\0003\000\040\000s\000e\000t\000u\000s\000e\000r\000s\000n\000r\000m\000a\000x\000\050\000u\000n\000s\000i\000g\000n\000e\000d\000\040\000i\000n\000t\000\040\000m\000a\000x\000\051}{subsection.3.1.3}% 53
\BOOKMARK [3][-]{subsubsection.3.1.3.44}{\376\377\0003\000.\0001\000.\0003\000.\0004\0004\000\040\000s\000e\000t\000u\000s\000e\000r\000s\000n\000r\000m\000i\000n\000\050\000u\000n\000s\000i\000g\000n\000e\000d\000\040\000i\000n\000t\000\040\000m\000i\000n\000\051}{subsection.3.1.3}% 54
\BOOKMARK [3][-]{subsubsection.3.1.3.45}{\376\377\0003\000.\0001\000.\0003\000.\0004\0005\000\040\000s\000e\000t\000u\000s\000e\000r\000s\000r\000a\000n\000d\000o\000m\000\050\000b\000o\000o\000l\000\040\000r\000a\000n\000d\000o\000m\000\051}{subsection.3.1.3}% 55
\BOOKMARK [1][-]{section.3.2}{\376\377\0003\000.\0002\000\040\000J\000o\000b\000\040\000C\000l\000a\000s\000s\000\040\000R\000e\000f\000e\000r\000e\000n\000c\000e}{chapter.3}% 56
\BOOKMARK [2][-]{subsection.3.2.1}{\376\377\0003\000.\0002\000.\0001\000\040\000D\000e\000t\000a\000i\000l\000e\000d\000\040\000D\000e\000s\000c\000r\000i\000p\000t\000i\000o\000n}{section.3.2}% 57
\BOOKMARK [2][-]{subsection.3.2.2}{\376\377\0003\000.\0002\000.\0002\000\040\000C\000o\000n\000s\000t\000r\000u\000c\000t\000o\000r\000\040\000\046\000\040\000D\000e\000s\000t\000r\000u\000c\000t\000o\000r\000\040\000D\000o\000c\000u\000m\000e\000n\000t\000a\000t\000i\000o\000n}{section.3.2}% 58
\BOOKMARK [3][-]{subsubsection.3.2.2.1}{\376\377\0003\000.\0002\000.\0002\000.\0001\000\040\000J\000o\000b\000\050\000C\000o\000n\000f\000i\000g\000u\000r\000a\000t\000i\000o\000n\000\040\000*\000c\000o\000n\000f\000i\000g\000,\000\040\000t\000i\000m\000e\000t\000\040\000t\000i\000m\000e\000,\000\040\000u\000n\000s\000i\000g\000n\000e\000d\000\040\000l\000o\000n\000g\000\040\000l\000o\000n\000g\000\040\000i\000n\000t\000\040\000d\000u\000r\000a\000t\000i\000o\000n\000\051}{subsection.3.2.2}% 59
\BOOKMARK [2][-]{subsection.3.2.3}{\376\377\0003\000.\0002\000.\0003\000\040\000M\000e\000m\000b\000e\000r\000\040\000F\000u\000n\000c\000t\000i\000o\000n\000\040\000D\000o\000c\000u\000m\000e\000n\000t\000a\000t\000i\000o\000n}{section.3.2}% 60
\BOOKMARK [3][-]{subsubsection.3.2.3.1}{\376\377\0003\000.\0002\000.\0003\000.\0001\000\040\000g\000e\000t\000c\000o\000r\000e\000s\000\050\000\051}{subsection.3.2.3}% 61
\BOOKMARK [3][-]{subsubsection.3.2.3.2}{\376\377\0003\000.\0002\000.\0003\000.\0002\000\040\000g\000e\000t\000d\000u\000r\000a\000t\000i\000o\000n\000\050\000\051}{subsection.3.2.3}% 62
\BOOKMARK [3][-]{subsubsection.3.2.3.3}{\376\377\0003\000.\0002\000.\0003\000.\0003\000\040\000g\000e\000t\000p\000r\000i\000c\000e\000\050\000\051}{subsection.3.2.3}% 63
\BOOKMARK [3][-]{subsubsection.3.2.3.4}{\376\377\0003\000.\0002\000.\0003\000.\0004\000\040\000g\000e\000t\000t\000i\000m\000e\000\050\000\051}{subsection.3.2.3}% 64
\BOOKMARK [3][-]{subsubsection.3.2.3.5}{\376\377\0003\000.\0002\000.\0003\000.\0005\000\040\000i\000s\000h\000u\000g\000e\000\050\000\051}{subsection.3.2.3}% 65
\BOOKMARK [3][-]{subsubsection.3.2.3.6}{\376\377\0003\000.\0002\000.\0003\000.\0006\000\040\000i\000s\000l\000a\000r\000g\000e\000\050\000\051}{subsection.3.2.3}% 66
\BOOKMARK [3][-]{subsubsection.3.2.3.7}{\376\377\0003\000.\0002\000.\0003\000.\0007\000\040\000i\000s\000m\000e\000d\000i\000u\000m\000\050\000\051}{subsection.3.2.3}% 67
\BOOKMARK [3][-]{subsubsection.3.2.3.8}{\376\377\0003\000.\0002\000.\0003\000.\0008\000\040\000i\000s\000s\000h\000o\000r\000t\000\050\000\051}{subsection.3.2.3}% 68
\BOOKMARK [3][-]{subsubsection.3.2.3.9}{\376\377\0003\000.\0002\000.\0003\000.\0009\000\040\000s\000e\000t\000u\000s\000e\000r\000\050\000U\000s\000e\000r\000\040\000*\000u\000s\000e\000r\000\051}{subsection.3.2.3}% 69
\BOOKMARK [2][-]{subsection.3.2.4}{\376\377\0003\000.\0002\000.\0004\000\040\000F\000r\000i\000e\000n\000d\000s\000\040\000A\000n\000d\000\040\000R\000e\000l\000a\000t\000e\000d\000\040\000F\000u\000n\000c\000t\000i\000o\000n\000\040\000D\000o\000c\000u\000m\000e\000n\000t\000a\000t\000i\000o\000n}{section.3.2}% 70
\BOOKMARK [3][-]{subsubsection.3.2.4.1}{\376\377\0003\000.\0002\000.\0004\000.\0001\000\040\000o\000p\000e\000r\000a\000t\000o\000r\000<}{subsection.3.2.4}% 71
\BOOKMARK [1][-]{section.3.3}{\376\377\0003\000.\0003\000\040\000M\000a\000i\000n\000W\000i\000n\000d\000o\000w\000\040\000C\000l\000a\000s\000s\000\040\000R\000e\000f\000e\000r\000e\000n\000c\000e}{chapter.3}% 72
\BOOKMARK [2][-]{subsection.3.3.1}{\376\377\0003\000.\0003\000.\0001\000\040\000D\000e\000t\000a\000i\000l\000e\000d\000\040\000D\000e\000s\000c\000r\000i\000p\000t\000i\000o\000n}{section.3.3}% 73
\BOOKMARK [2][-]{subsection.3.3.2}{\376\377\0003\000.\0003\000.\0002\000\040\000C\000o\000n\000s\000t\000r\000u\000c\000t\000o\000r\000\040\000\046\000\040\000D\000e\000s\000t\000r\000u\000c\000t\000o\000r\000\040\000D\000o\000c\000u\000m\000e\000n\000t\000a\000t\000i\000o\000n}{section.3.3}% 74
\BOOKMARK [3][-]{subsubsection.3.3.2.1}{\376\377\0003\000.\0003\000.\0002\000.\0001\000\040\000M\000a\000i\000n\000W\000i\000n\000d\000o\000w\000\050\000Q\000W\000i\000d\000g\000e\000t\000\040\000*\000p\000a\000r\000e\000n\000t\000=\0000\000\051}{subsection.3.3.2}% 75
\BOOKMARK [3][-]{subsubsection.3.3.2.2}{\376\377\0003\000.\0003\000.\0002\000.\0002\000\040\000\040\000M\000a\000i\000n\000W\000i\000n\000d\000o\000w\000\050\000\051}{subsection.3.3.2}% 76
\BOOKMARK [1][-]{section.3.4}{\376\377\0003\000.\0004\000\040\000S\000t\000a\000t\000e\000\040\000C\000l\000a\000s\000s\000\040\000R\000e\000f\000e\000r\000e\000n\000c\000e}{chapter.3}% 77
\BOOKMARK [2][-]{subsection.3.4.1}{\376\377\0003\000.\0004\000.\0001\000\040\000D\000e\000t\000a\000i\000l\000e\000d\000\040\000D\000e\000s\000c\000r\000i\000p\000t\000i\000o\000n}{section.3.4}% 78
\BOOKMARK [2][-]{subsection.3.4.2}{\376\377\0003\000.\0004\000.\0002\000\040\000C\000o\000n\000s\000t\000r\000u\000c\000t\000o\000r\000\040\000\046\000\040\000D\000e\000s\000t\000r\000u\000c\000t\000o\000r\000\040\000D\000o\000c\000u\000m\000e\000n\000t\000a\000t\000i\000o\000n}{section.3.4}% 79
\BOOKMARK [3][-]{subsubsection.3.4.2.1}{\376\377\0003\000.\0004\000.\0002\000.\0001\000\040\000S\000t\000a\000t\000e\000\050\000l\000o\000n\000g\000\040\000l\000o\000n\000g\000\040\000i\000n\000t\000\040\000t\000o\000t\000a\000l\000c\000o\000r\000e\000s\000,\000\040\000t\000i\000m\000e\000t\000\040\000t\000i\000m\000e\000,\000\040\000S\000t\000a\000t\000e\000T\000y\000p\000e\000\040\000s\000t\000a\000t\000e\000t\000y\000p\000e\000\051}{subsection.3.4.2}% 80
\BOOKMARK [3][-]{subsubsection.3.4.2.2}{\376\377\0003\000.\0004\000.\0002\000.\0002\000\040\000S\000t\000a\000t\000e\000\050\000S\000t\000a\000t\000e\000\040\000s\000t\000a\000t\000e\000,\000\040\000t\000i\000m\000e\000t\000\040\000t\000i\000m\000e\000,\000\040\000S\000t\000a\000t\000e\000T\000y\000p\000e\000\040\000s\000t\000a\000t\000e\000t\000y\000p\000e\000\051}{subsection.3.4.2}% 81
\BOOKMARK [2][-]{subsection.3.4.3}{\376\377\0003\000.\0004\000.\0003\000\040\000M\000e\000m\000b\000e\000r\000\040\000F\000u\000n\000c\000t\000i\000o\000n\000\040\000D\000o\000c\000u\000m\000e\000n\000t\000a\000t\000i\000o\000n}{section.3.4}% 82
\BOOKMARK [3][-]{subsubsection.3.4.3.1}{\376\377\0003\000.\0004\000.\0003\000.\0001\000\040\000c\000a\000n\000i\000n\000s\000e\000r\000t\000j\000o\000b\000\050\000J\000o\000b\000\040\000j\000o\000b\000\051}{subsection.3.4.3}% 83
\BOOKMARK [3][-]{subsubsection.3.4.3.2}{\376\377\0003\000.\0004\000.\0003\000.\0002\000\040\000g\000e\000t\000l\000a\000r\000g\000e\000c\000o\000r\000e\000s\000\050\000\051}{subsection.3.4.3}% 84
\BOOKMARK [3][-]{subsubsection.3.4.3.3}{\376\377\0003\000.\0004\000.\0003\000.\0003\000\040\000g\000e\000t\000m\000e\000d\000i\000u\000m\000c\000o\000r\000e\000s\000\050\000\051}{subsection.3.4.3}% 85
\BOOKMARK [3][-]{subsubsection.3.4.3.4}{\376\377\0003\000.\0004\000.\0003\000.\0004\000\040\000g\000e\000t\000n\000a\000m\000e\000\050\000\051}{subsection.3.4.3}% 86
\BOOKMARK [3][-]{subsubsection.3.4.3.5}{\376\377\0003\000.\0004\000.\0003\000.\0005\000\040\000g\000e\000t\000s\000h\000o\000r\000t\000c\000o\000r\000e\000s\000\050\000\051}{subsection.3.4.3}% 87
\BOOKMARK [3][-]{subsubsection.3.4.3.6}{\376\377\0003\000.\0004\000.\0003\000.\0006\000\040\000g\000e\000t\000t\000i\000m\000e\000\050\000\051}{subsection.3.4.3}% 88
\BOOKMARK [3][-]{subsubsection.3.4.3.7}{\376\377\0003\000.\0004\000.\0003\000.\0007\000\040\000g\000e\000t\000t\000o\000t\000a\000l\000c\000o\000r\000e\000s\000\050\000\051}{subsection.3.4.3}% 89
\BOOKMARK [3][-]{subsubsection.3.4.3.8}{\376\377\0003\000.\0004\000.\0003\000.\0008\000\040\000g\000e\000t\000t\000y\000p\000e\000\050\000\051}{subsection.3.4.3}% 90
\BOOKMARK [3][-]{subsubsection.3.4.3.9}{\376\377\0003\000.\0004\000.\0003\000.\0009\000\040\000g\000e\000t\000u\000s\000e\000d\000c\000o\000r\000e\000s\000\050\000\051}{subsection.3.4.3}% 91
\BOOKMARK [3][-]{subsubsection.3.4.3.10}{\376\377\0003\000.\0004\000.\0003\000.\0001\0000\000\040\000i\000n\000s\000e\000r\000t\000j\000o\000b\000\050\000J\000o\000b\000\040\000j\000o\000b\000\051}{subsection.3.4.3}% 92
\BOOKMARK [3][-]{subsubsection.3.4.3.11}{\376\377\0003\000.\0004\000.\0003\000.\0001\0001\000\040\000s\000e\000t\000p\000e\000r\000i\000o\000d\000\050\000t\000i\000m\000e\000t\000\040\000s\000t\000a\000r\000t\000,\000\040\000t\000i\000m\000e\000t\000\040\000e\000n\000d\000\051}{subsection.3.4.3}% 93
\BOOKMARK [2][-]{subsection.3.4.4}{\376\377\0003\000.\0004\000.\0004\000\040\000F\000r\000i\000e\000n\000d\000s\000\040\000A\000n\000d\000\040\000R\000e\000l\000a\000t\000e\000d\000\040\000F\000u\000n\000c\000t\000i\000o\000n\000\040\000D\000o\000c\000u\000m\000e\000n\000t\000a\000t\000i\000o\000n}{section.3.4}% 94
\BOOKMARK [3][-]{subsubsection.3.4.4.1}{\376\377\0003\000.\0004\000.\0004\000.\0001\000\040\000o\000p\000e\000r\000a\000t\000o\000r\000<}{subsection.3.4.4}% 95
\BOOKMARK [1][-]{section.3.5}{\376\377\0003\000.\0005\000\040\000S\000t\000a\000t\000i\000s\000t\000i\000c\000s\000\040\000C\000l\000a\000s\000s\000\040\000R\000e\000f\000e\000r\000e\000n\000c\000e}{chapter.3}% 96
\BOOKMARK [2][-]{subsection.3.5.1}{\376\377\0003\000.\0005\000.\0001\000\040\000D\000e\000t\000a\000i\000l\000e\000d\000\040\000D\000e\000s\000c\000r\000i\000p\000t\000i\000o\000n}{section.3.5}% 97
\BOOKMARK [2][-]{subsection.3.5.2}{\376\377\0003\000.\0005\000.\0002\000\040\000C\000o\000n\000s\000t\000r\000u\000c\000t\000o\000r\000\040\000\046\000\040\000D\000e\000s\000t\000r\000u\000c\000t\000o\000r\000\040\000D\000o\000c\000u\000m\000e\000n\000t\000a\000t\000i\000o\000n}{section.3.5}% 98
\BOOKMARK [3][-]{subsubsection.3.5.2.1}{\376\377\0003\000.\0005\000.\0002\000.\0001\000\040\000S\000t\000a\000t\000i\000s\000t\000i\000c\000s\000\050\000C\000o\000n\000f\000i\000g\000u\000r\000a\000t\000i\000o\000n\000\040\000*\000c\000o\000n\000f\000i\000g\000\051}{subsection.3.5.2}% 99
\BOOKMARK [2][-]{subsection.3.5.3}{\376\377\0003\000.\0005\000.\0003\000\040\000M\000e\000m\000b\000e\000r\000\040\000F\000u\000n\000c\000t\000i\000o\000n\000\040\000D\000o\000c\000u\000m\000e\000n\000t\000a\000t\000i\000o\000n}{section.3.5}% 100
\BOOKMARK [3][-]{subsubsection.3.5.3.1}{\376\377\0003\000.\0005\000.\0003\000.\0001\000\040\000a\000d\000d\000j\000o\000b\000\050\000t\000i\000m\000e\000t\000\040\000s\000t\000a\000r\000t\000,\000\040\000J\000o\000b\000\040\000j\000o\000b\000\051}{subsection.3.5.3}% 101
\BOOKMARK [3][-]{subsubsection.3.5.3.2}{\376\377\0003\000.\0005\000.\0003\000.\0002\000\040\000a\000d\000d\000m\000a\000c\000h\000i\000n\000e\000t\000i\000m\000e\000\050\000u\000n\000s\000i\000g\000n\000e\000d\000\040\000l\000o\000n\000g\000\040\000l\000o\000n\000g\000\040\000i\000n\000t\000\040\000t\000i\000m\000e\000\051}{subsection.3.5.3}% 102
\BOOKMARK [3][-]{subsubsection.3.5.3.3}{\376\377\0003\000.\0005\000.\0003\000.\0003\000\040\000a\000d\000d\000o\000p\000e\000r\000a\000t\000i\000o\000n\000a\000l\000c\000o\000s\000t\000\050\000d\000o\000u\000b\000l\000e\000\040\000c\000o\000s\000t\000\051}{subsection.3.5.3}% 103
\BOOKMARK [3][-]{subsubsection.3.5.3.4}{\376\377\0003\000.\0005\000.\0003\000.\0004\000\040\000a\000d\000d\000u\000s\000a\000g\000e\000p\000r\000i\000c\000e\000\050\000d\000o\000u\000b\000l\000e\000\040\000p\000r\000i\000c\000e\000\051}{subsection.3.5.3}% 104
\BOOKMARK [3][-]{subsubsection.3.5.3.5}{\376\377\0003\000.\0005\000.\0003\000.\0005\000\040\000g\000e\000t\000e\000c\000o\000n\000o\000m\000i\000c\000b\000a\000l\000a\000n\000c\000e\000\050\000\051}{subsection.3.5.3}% 105
\BOOKMARK [3][-]{subsubsection.3.5.3.6}{\376\377\0003\000.\0005\000.\0003\000.\0006\000\040\000g\000e\000t\000h\000u\000g\000e\000t\000a\000\050\000\051}{subsection.3.5.3}% 106
\BOOKMARK [3][-]{subsubsection.3.5.3.7}{\376\377\0003\000.\0005\000.\0003\000.\0007\000\040\000g\000e\000t\000h\000u\000g\000e\000w\000t\000\050\000\051}{subsection.3.5.3}% 107
\BOOKMARK [3][-]{subsubsection.3.5.3.8}{\376\377\0003\000.\0005\000.\0003\000.\0008\000\040\000g\000e\000t\000l\000a\000r\000g\000e\000t\000a\000\050\000\051}{subsection.3.5.3}% 108
\BOOKMARK [3][-]{subsubsection.3.5.3.9}{\376\377\0003\000.\0005\000.\0003\000.\0009\000\040\000g\000e\000t\000l\000a\000r\000g\000e\000w\000t\000\050\000\051}{subsection.3.5.3}% 109
\BOOKMARK [3][-]{subsubsection.3.5.3.10}{\376\377\0003\000.\0005\000.\0003\000.\0001\0000\000\040\000g\000e\000t\000m\000a\000c\000h\000i\000n\000e\000t\000i\000m\000e\000\050\000\051}{subsection.3.5.3}% 110
\BOOKMARK [3][-]{subsubsection.3.5.3.11}{\376\377\0003\000.\0005\000.\0003\000.\0001\0001\000\040\000g\000e\000t\000m\000e\000d\000i\000u\000m\000t\000a\000\050\000\051}{subsection.3.5.3}% 111
\BOOKMARK [3][-]{subsubsection.3.5.3.12}{\376\377\0003\000.\0005\000.\0003\000.\0001\0002\000\040\000g\000e\000t\000m\000e\000d\000i\000u\000m\000w\000t\000\050\000\051}{subsection.3.5.3}% 112
\BOOKMARK [3][-]{subsubsection.3.5.3.13}{\376\377\0003\000.\0005\000.\0003\000.\0001\0003\000\040\000g\000e\000t\000o\000p\000e\000r\000a\000t\000i\000o\000n\000a\000l\000c\000o\000s\000t\000\050\000\051}{subsection.3.5.3}% 113
\BOOKMARK [3][-]{subsubsection.3.5.3.14}{\376\377\0003\000.\0005\000.\0003\000.\0001\0004\000\040\000g\000e\000t\000s\000h\000o\000r\000t\000t\000a\000\050\000\051}{subsection.3.5.3}% 114
\BOOKMARK [3][-]{subsubsection.3.5.3.15}{\376\377\0003\000.\0005\000.\0003\000.\0001\0005\000\040\000g\000e\000t\000s\000h\000o\000r\000t\000w\000t\000\050\000\051}{subsection.3.5.3}% 115
\BOOKMARK [3][-]{subsubsection.3.5.3.16}{\376\377\0003\000.\0005\000.\0003\000.\0001\0006\000\040\000g\000e\000t\000u\000s\000a\000g\000e\000p\000r\000i\000c\000e\000\050\000\051}{subsection.3.5.3}% 116
\BOOKMARK [3][-]{subsubsection.3.5.3.17}{\376\377\0003\000.\0005\000.\0003\000.\0001\0007\000\040\000g\000e\000t\000w\000e\000e\000k\000l\000y\000u\000s\000a\000g\000e\000\050\000\051}{subsection.3.5.3}% 117
\BOOKMARK [1][-]{section.3.6}{\376\377\0003\000.\0006\000\040\000S\000y\000s\000t\000e\000m\000\040\000C\000l\000a\000s\000s\000\040\000R\000e\000f\000e\000r\000e\000n\000c\000e}{chapter.3}% 118
\BOOKMARK [2][-]{subsection.3.6.1}{\376\377\0003\000.\0006\000.\0001\000\040\000D\000e\000t\000a\000i\000l\000e\000d\000\040\000D\000e\000s\000c\000r\000i\000p\000t\000i\000o\000n}{section.3.6}% 119
\BOOKMARK [2][-]{subsection.3.6.2}{\376\377\0003\000.\0006\000.\0002\000\040\000C\000o\000n\000s\000t\000r\000u\000c\000t\000o\000r\000\040\000\046\000\040\000D\000e\000s\000t\000r\000u\000c\000t\000o\000r\000\040\000D\000o\000c\000u\000m\000e\000n\000t\000a\000t\000i\000o\000n}{section.3.6}% 120
\BOOKMARK [3][-]{subsubsection.3.6.2.1}{\376\377\0003\000.\0006\000.\0002\000.\0001\000\040\000S\000y\000s\000t\000e\000m\000\050\000C\000o\000n\000f\000i\000g\000u\000r\000a\000t\000i\000o\000n\000\040\000*\000c\000o\000n\000f\000i\000g\000\051}{subsection.3.6.2}% 121
\BOOKMARK [3][-]{subsubsection.3.6.2.2}{\376\377\0003\000.\0006\000.\0002\000.\0002\000\040\000S\000y\000s\000t\000e\000m\000\050\000C\000o\000n\000f\000i\000g\000u\000r\000a\000t\000i\000o\000n\000\040\000*\000c\000o\000n\000f\000i\000g\000,\000\040\000v\000e\000c\000t\000o\000r\000<\000\040\000U\000s\000e\000r\000\040\000*\000\040\000>\000\040\000u\000s\000e\000r\000s\000,\000\040\000v\000e\000c\000t\000o\000r\000<\000\040\000J\000o\000b\000\040\000>\000\040\000j\000o\000b\000s\000\051}{subsection.3.6.2}% 122
\BOOKMARK [2][-]{subsection.3.6.3}{\376\377\0003\000.\0006\000.\0003\000\040\000M\000e\000m\000b\000e\000r\000\040\000F\000u\000n\000c\000t\000i\000o\000n\000\040\000D\000o\000c\000u\000m\000e\000n\000t\000a\000t\000i\000o\000n}{section.3.6}% 123
\BOOKMARK [3][-]{subsubsection.3.6.3.1}{\376\377\0003\000.\0006\000.\0003\000.\0001\000\040\000g\000e\000t\000r\000e\000s\000u\000l\000t\000s\000\050\000\051}{subsection.3.6.3}% 124
\BOOKMARK [1][-]{section.3.7}{\376\377\0003\000.\0007\000\040\000U\000s\000e\000r\000\040\000C\000l\000a\000s\000s\000\040\000R\000e\000f\000e\000r\000e\000n\000c\000e}{chapter.3}% 125
\BOOKMARK [2][-]{subsection.3.7.1}{\376\377\0003\000.\0007\000.\0001\000\040\000D\000e\000t\000a\000i\000l\000e\000d\000\040\000D\000e\000s\000c\000r\000i\000p\000t\000i\000o\000n}{section.3.7}% 126
\BOOKMARK [2][-]{subsection.3.7.2}{\376\377\0003\000.\0007\000.\0002\000\040\000C\000o\000n\000s\000t\000r\000u\000c\000t\000o\000r\000\040\000\046\000\040\000D\000e\000s\000t\000r\000u\000c\000t\000o\000r\000\040\000D\000o\000c\000u\000m\000e\000n\000t\000a\000t\000i\000o\000n}{section.3.7}% 127
\BOOKMARK [3][-]{subsubsection.3.7.2.1}{\376\377\0003\000.\0007\000.\0002\000.\0001\000\040\000U\000s\000e\000r\000\050\000C\000o\000n\000f\000i\000g\000u\000r\000a\000t\000i\000o\000n\000\040\000*\000c\000o\000n\000f\000i\000g\000,\000\040\000i\000n\000t\000\040\000i\000d\000,\000\040\000b\000o\000o\000l\000\040\000s\000u\000p\000p\000o\000r\000t\000\051}{subsection.3.7.2}% 128
\BOOKMARK [2][-]{subsection.3.7.3}{\376\377\0003\000.\0007\000.\0003\000\040\000M\000e\000m\000b\000e\000r\000\040\000F\000u\000n\000c\000t\000i\000o\000n\000\040\000D\000o\000c\000u\000m\000e\000n\000t\000a\000t\000i\000o\000n}{section.3.7}% 129
\BOOKMARK [3][-]{subsubsection.3.7.3.1}{\376\377\0003\000.\0007\000.\0003\000.\0001\000\040\000c\000a\000n\000a\000f\000f\000o\000r\000d\000\050\000J\000o\000b\000\040\000*\000j\000o\000b\000\051}{subsection.3.7.3}% 130
\BOOKMARK [3][-]{subsubsection.3.7.3.2}{\376\377\0003\000.\0007\000.\0003\000.\0002\000\040\000p\000a\000y\000\050\000J\000o\000b\000\040\000*\000j\000o\000b\000\051}{subsection.3.7.3}% 131
\BOOKMARK [1][-]{section.3.8}{\376\377\0003\000.\0008\000\040\000W\000e\000e\000k\000\040\000C\000l\000a\000s\000s\000\040\000R\000e\000f\000e\000r\000e\000n\000c\000e}{chapter.3}% 132
\BOOKMARK [2][-]{subsection.3.8.1}{\376\377\0003\000.\0008\000.\0001\000\040\000D\000e\000t\000a\000i\000l\000e\000d\000\040\000D\000e\000s\000c\000r\000i\000p\000t\000i\000o\000n}{section.3.8}% 133
\BOOKMARK [2][-]{subsection.3.8.2}{\376\377\0003\000.\0008\000.\0002\000\040\000C\000o\000n\000s\000t\000r\000u\000c\000t\000o\000r\000\040\000\046\000\040\000D\000e\000s\000t\000r\000u\000c\000t\000o\000r\000\040\000D\000o\000c\000u\000m\000e\000n\000t\000a\000t\000i\000o\000n}{section.3.8}% 134
\BOOKMARK [3][-]{subsubsection.3.8.2.1}{\376\377\0003\000.\0008\000.\0002\000.\0001\000\040\000W\000e\000e\000k\000\050\000t\000i\000m\000e\000t\000\040\000s\000t\000a\000r\000t\000,\000\040\000t\000i\000m\000e\000t\000\040\000e\000n\000d\000\051}{subsection.3.8.2}% 135
\BOOKMARK [2][-]{subsection.3.8.3}{\376\377\0003\000.\0008\000.\0003\000\040\000M\000e\000m\000b\000e\000r\000\040\000F\000u\000n\000c\000t\000i\000o\000n\000\040\000D\000o\000c\000u\000m\000e\000n\000t\000a\000t\000i\000o\000n}{section.3.8}% 136
\BOOKMARK [3][-]{subsubsection.3.8.3.1}{\376\377\0003\000.\0008\000.\0003\000.\0001\000\040\000a\000d\000d\000j\000o\000b\000\050\000J\000o\000b\000\040\000j\000o\000b\000\051}{subsection.3.8.3}% 137
\BOOKMARK [3][-]{subsubsection.3.8.3.2}{\376\377\0003\000.\0008\000.\0003\000.\0002\000\040\000g\000e\000t\000e\000n\000d\000\050\000\051}{subsection.3.8.3}% 138
\BOOKMARK [3][-]{subsubsection.3.8.3.3}{\376\377\0003\000.\0008\000.\0003\000.\0003\000\040\000g\000e\000t\000s\000t\000a\000r\000t\000\050\000\051}{subsection.3.8.3}% 139
\BOOKMARK [3][-]{subsubsection.3.8.3.4}{\376\377\0003\000.\0008\000.\0003\000.\0004\000\040\000s\000e\000t\000s\000t\000a\000r\000t\000\050\000t\000i\000m\000e\000t\000\040\000s\000t\000a\000r\000t\000\051}{subsection.3.8.3}% 140
\BOOKMARK [2][-]{subsection.3.8.4}{\376\377\0003\000.\0008\000.\0004\000\040\000F\000r\000i\000e\000n\000d\000s\000\040\000A\000n\000d\000\040\000R\000e\000l\000a\000t\000e\000d\000\040\000F\000u\000n\000c\000t\000i\000o\000n\000\040\000D\000o\000c\000u\000m\000e\000n\000t\000a\000t\000i\000o\000n}{section.3.8}% 141
\BOOKMARK [3][-]{subsubsection.3.8.4.1}{\376\377\0003\000.\0008\000.\0004\000.\0001\000\040\000o\000p\000e\000r\000a\000t\000o\000r\000<\000<}{subsection.3.8.4}% 142
